0 info it worked if it ends with ok
1 verbose cli [ 'C:\\Program Files\\nodejs\\node.exe',
1 verbose cli   'C:\\Program Files\\nodejs\\node_modules\\npm\\bin\\npm-cli.js',
1 verbose cli   'install',
1 verbose cli   'native-base',
1 verbose cli   '--save' ]
2 info using npm@3.10.8
3 info using node@v6.9.1
4 silly loadCurrentTree Starting
5 silly install loadCurrentTree
6 silly install readLocalPackageData
7 silly fetchPackageMetaData native-base
8 silly fetchNamedPackageData native-base
9 silly mapToRegistry name native-base
10 silly mapToRegistry using default registry
11 silly mapToRegistry registry https://registry.npmjs.org/
12 silly mapToRegistry data Result {
12 silly mapToRegistry   raw: 'native-base',
12 silly mapToRegistry   scope: null,
12 silly mapToRegistry   escapedName: 'native-base',
12 silly mapToRegistry   name: 'native-base',
12 silly mapToRegistry   rawSpec: '',
12 silly mapToRegistry   spec: 'latest',
12 silly mapToRegistry   type: 'tag' }
13 silly mapToRegistry uri https://registry.npmjs.org/native-base
14 verbose request uri https://registry.npmjs.org/native-base
15 verbose request no auth needed
16 info attempt registry request try #1 at 11:08:17 PM
17 verbose request id a401eb22bfd2c481
18 http request GET https://registry.npmjs.org/native-base
19 info retry will retry, error on last attempt: Error: connect ETIMEDOUT 151.101.16.162:443
20 info attempt registry request try #2 at 11:08:54 PM
21 http request GET https://registry.npmjs.org/native-base
22 http 200 https://registry.npmjs.org/native-base
23 verbose headers { 'content-type': 'application/json; charset=UTF-8',
23 verbose headers   server: 'UploadServer',
23 verbose headers   'cache-control': 'max-age=300',
23 verbose headers   'last-modified': 'Fri, 27 Apr 2018 11:56:19 GMT',
23 verbose headers   etag: '"5ae30fe3-2fe96"',
23 verbose headers   'x-npm-region': 'EU-West',
23 verbose headers   'content-encoding': 'gzip',
23 verbose headers   'content-length': '16154',
23 verbose headers   'accept-ranges': 'bytes',
23 verbose headers   date: 'Thu, 03 May 2018 22:09:03 GMT',
23 verbose headers   via: '1.1 varnish',
23 verbose headers   age: '10300',
23 verbose headers   connection: 'keep-alive',
23 verbose headers   'x-served-by': 'cache-lcy19227-LCY',
23 verbose headers   'x-cache': 'HIT',
23 verbose headers   'x-cache-hits': '1',
23 verbose headers   'x-timer': 'S1525385343.267421,VS0,VE1',
23 verbose headers   vary: 'Accept-Encoding, Accept' }
24 silly get cb [ 200,
24 silly get   { 'content-type': 'application/json; charset=UTF-8',
24 silly get     server: 'UploadServer',
24 silly get     'cache-control': 'max-age=300',
24 silly get     'last-modified': 'Fri, 27 Apr 2018 11:56:19 GMT',
24 silly get     etag: '"5ae30fe3-2fe96"',
24 silly get     'x-npm-region': 'EU-West',
24 silly get     'content-encoding': 'gzip',
24 silly get     'content-length': '16154',
24 silly get     'accept-ranges': 'bytes',
24 silly get     date: 'Thu, 03 May 2018 22:09:03 GMT',
24 silly get     via: '1.1 varnish',
24 silly get     age: '10300',
24 silly get     connection: 'keep-alive',
24 silly get     'x-served-by': 'cache-lcy19227-LCY',
24 silly get     'x-cache': 'HIT',
24 silly get     'x-cache-hits': '1',
24 silly get     'x-timer': 'S1525385343.267421,VS0,VE1',
24 silly get     vary: 'Accept-Encoding, Accept' } ]
25 verbose get saving native-base to C:\Users\STANLEY\AppData\Roaming\npm-cache\registry.npmjs.org\native-base\.cache.json
26 verbose correctMkdir C:\Users\STANLEY\AppData\Roaming\npm-cache correctMkdir not in flight; initializing
27 silly install normalizeTree
28 silly loadCurrentTree Finishing
29 silly loadIdealTree Starting
30 silly install loadIdealTree
31 silly cloneCurrentTree Starting
32 silly install cloneCurrentTreeToIdealTree
33 silly cloneCurrentTree Finishing
34 silly loadShrinkwrap Starting
35 silly install loadShrinkwrap
36 silly loadShrinkwrap Finishing
37 silly loadAllDepsIntoIdealTree Starting
38 silly install loadAllDepsIntoIdealTree
39 silly resolveWithNewModule native-base@2.4.3 checking installable status
40 silly cache add args [ 'native-base', null ]
41 verbose cache add spec native-base
42 silly cache add parsed spec Result {
42 silly cache add   raw: 'native-base',
42 silly cache add   scope: null,
42 silly cache add   escapedName: 'native-base',
42 silly cache add   name: 'native-base',
42 silly cache add   rawSpec: '',
42 silly cache add   spec: 'latest',
42 silly cache add   type: 'tag' }
43 silly addNamed native-base@latest
44 verbose addNamed "latest" is being treated as a dist-tag for native-base
45 info addNameTag [ 'native-base', 'latest' ]
46 silly mapToRegistry name native-base
47 silly mapToRegistry using default registry
48 silly mapToRegistry registry https://registry.npmjs.org/
49 silly mapToRegistry data Result {
49 silly mapToRegistry   raw: 'native-base',
49 silly mapToRegistry   scope: null,
49 silly mapToRegistry   escapedName: 'native-base',
49 silly mapToRegistry   name: 'native-base',
49 silly mapToRegistry   rawSpec: '',
49 silly mapToRegistry   spec: 'latest',
49 silly mapToRegistry   type: 'tag' }
50 silly mapToRegistry uri https://registry.npmjs.org/native-base
51 verbose addNameTag registry:https://registry.npmjs.org/native-base not in flight; fetching
52 verbose get https://registry.npmjs.org/native-base not expired, no request
53 silly addNameTag next cb for native-base with tag latest
54 silly addNamed native-base@2.4.3
55 verbose addNamed "2.4.3" is a plain semver version for native-base
56 silly mapToRegistry name native-base
57 silly mapToRegistry using default registry
58 silly mapToRegistry registry https://registry.npmjs.org/
59 silly mapToRegistry data Result {
59 silly mapToRegistry   raw: 'native-base',
59 silly mapToRegistry   scope: null,
59 silly mapToRegistry   escapedName: 'native-base',
59 silly mapToRegistry   name: 'native-base',
59 silly mapToRegistry   rawSpec: '',
59 silly mapToRegistry   spec: 'latest',
59 silly mapToRegistry   type: 'tag' }
60 silly mapToRegistry uri https://registry.npmjs.org/native-base
61 verbose addRemoteTarball https://registry.npmjs.org/native-base/-/native-base-2.4.3.tgz not in flight; adding
62 verbose addRemoteTarball [ 'https://registry.npmjs.org/native-base/-/native-base-2.4.3.tgz',
62 verbose addRemoteTarball   'a821a4e21b83a167c59d00b6477f4b10d3f9a17d' ]
63 info retry fetch attempt 1 at 11:09:04 PM
64 info attempt registry request try #1 at 11:09:04 PM
65 http fetch GET https://registry.npmjs.org/native-base/-/native-base-2.4.3.tgz
66 http fetch 200 https://registry.npmjs.org/native-base/-/native-base-2.4.3.tgz
67 info retry will retry, error on last attempt: Error: read ECONNRESET
68 silly fetchAndShaCheck shasum a821a4e21b83a167c59d00b6477f4b10d3f9a17d
69 silly rollbackFailedOptional Starting
70 silly rollbackFailedOptional Finishing
71 silly runTopLevelLifecycles Finishing
72 silly install printInstalled
73 verbose stack Error: shasum check failed for C:\Users\STANLEY\AppData\Local\Temp\npm-9388-14a5171a\registry.npmjs.org\native-base\-\native-base-2.4.3.tgz
73 verbose stack Expected: a821a4e21b83a167c59d00b6477f4b10d3f9a17d
73 verbose stack Actual:   dae8c8e41ee12678b541d9d8208c7cba3e4ecfa4
73 verbose stack From:     https://registry.npmjs.org/native-base/-/native-base-2.4.3.tgz
73 verbose stack     at C:\Program Files\nodejs\node_modules\npm\node_modules\sha\index.js:25:8
73 verbose stack     at ReadStream.<anonymous> (C:\Program Files\nodejs\node_modules\npm\node_modules\sha\index.js:72:7)
73 verbose stack     at emitNone (events.js:91:20)
73 verbose stack     at ReadStream.emit (events.js:185:7)
73 verbose stack     at endReadableNT (_stream_readable.js:974:12)
73 verbose stack     at _combinedTickCallback (internal/process/next_tick.js:74:11)
73 verbose stack     at process._tickCallback (internal/process/next_tick.js:98:9)
74 verbose cwd C:\Users\STANLEY\ReactNative\Login
75 error Windows_NT 10.0.15063
76 error argv "C:\\Program Files\\nodejs\\node.exe" "C:\\Program Files\\nodejs\\node_modules\\npm\\bin\\npm-cli.js" "install" "native-base" "--save"
77 error node v6.9.1
78 error npm  v3.10.8
79 error shasum check failed for C:\Users\STANLEY\AppData\Local\Temp\npm-9388-14a5171a\registry.npmjs.org\native-base\-\native-base-2.4.3.tgz
79 error Expected: a821a4e21b83a167c59d00b6477f4b10d3f9a17d
79 error Actual:   dae8c8e41ee12678b541d9d8208c7cba3e4ecfa4
79 error From:     https://registry.npmjs.org/native-base/-/native-base-2.4.3.tgz
80 error If you need help, you may report this error at:
80 error     <https://github.com/npm/npm/issues>
81 verbose exit [ 1, true ]
